19H:0M:7S : **CLIENT pseudo envoy√©: dennis
19H:0M:7S : **CLIENT joueurs recus: others:dennis4,10;.
19H:0M:7S : **CLIENT bug_lettres: lettresTrouvees:______.lettresFausses:.
19H:0M:9S : **CLIENT scannedChar : B
19H:0M:10S : **CLIENT scannedChar : O
19H:0M:11S : **CLIENT scannedChar : N
19H:0M:12S : **CLIENT scannedChar : D
19H:0M:13S : **CLIENT scannedChar : I
19H:0M:14S : **CLIENT scannedChar : R
19H:0M:18S : **CLIENT pseudo envoy√©: qdsfgfd
19H:0M:18S : **CLIENT joueurs recus: others:dennis4,26;qdsfgfd5,10;.
19H:0M:18S : **CLIENT bug_lettres: lettresTrouvees:BONDIR.lettresFausses:.
19H:0M:21S : **CLIENT scannedChar : N
19H:0M:22S : **CLIENT scannedChar : Y
19H:0M:26S : **CLIENT envoi findeJeu: $Y
19H:0M:26S : **CLIENT recu findeJeu: c:qdsfgfd5.
19H:0M:26S : **CLIENT erreur de reception: donnees:____$others:dennis4,26;qdsfgfd5,26;.
19H:3M:37S : **CLIENT pseudo envoy√©: segdsgfdf
19H:3M:37S : **CLIENT joueurs recus: others:segdsgfdf4,10;.
19H:3M:37S : **CLIENT bug_lettres: lettresTrouvees:________.lettresFausses:.
19H:3M:43S : **CLIENT pseudo envoy√©: fsdfsdf
19H:3M:43S : **CLIENT joueurs recus: others:segdsgfdf4,10;fsdfsdf5,10;.
19H:3M:43S : **CLIENT bug_lettres: lettresTrouvees:________.lettresFausses:.
19H:3M:48S : **CLIENT scannedChar : A
19H:3M:49S : **CLIENT scannedChar : Z
19H:3M:50S : **CLIENT scannedChar : E
19H:3M:51S : **CLIENT scannedChar : R
19H:3M:52S : **CLIENT scannedChar : T
19H:3M:53S : **CLIENT scannedChar : Y
19H:3M:54S : **CLIENT scannedChar : M
19H:3M:55S : **CLIENT scannedChar : O
19H:3M:56S : **CLIENT scannedChar : N
19H:3M:57S : **CLIENT scannedChar : G
19H:4M:3S : **CLIENT pseudo envoy√©: theo
19H:4M:3S : **CLIENT joueurs recus: others:segdsgfdf4,25;fsdfsdf5,10;theo6,10;.
19H:4M:3S : **CLIENT bug_lettres: lettresTrouvees:MONTAGNE.lettresFausses:ZRY.
19H:4M:8S : **CLIENT scannedChar : Y
19H:4M:11S : **CLIENT scannedChar : N
19H:4M:11S : **CLIENT scannedChar : N
19H:4M:11S : **CLIENT scannedChar : N
19H:4M:12S : **CLIENT scannedChar : N
19H:4M:12S : **CLIENT scannedChar : N
19H:4M:12S : **CLIENT scannedChar : N
19H:4M:12S : **CLIENT scannedChar : N
19H:4M:12S : **CLIENT scannedChar : N
19H:4M:13S : **CLIENT scannedChar : H
19H:4M:18S : **CLIENT scannedChar : Y
19H:4M:19S : **CLIENT envoi findeJeu: $Y
19H:4M:41S : **CLIENT envoi findeJeu: $Y
19H:4M:41S : **CLIENT recu findeJeu: donnees:_____$others:segdsgfdf4,25;fsdfsdf5,25;theo6,25;.
19H:4M:41S : **CLIENT erreur de reception: donnees:_____$others:segdsgfdf4,25;fsdfsdf5,25;theΩ˘~
19H:4M:41S : **CLIENT recu findeJeu: donnees:_____$others:segdsgfdf4,25;fsdfsdf5,25;theo6,25;.
19H:4M:41S : **CLIENT joueurs recus: others:segdsgfdf4,25;fsdfsdf5,25;theo6,25;.
19H:4M:41S : **CLIENT joueurs recus: others:segdsgfdf4,25;fsdfsdf5,25;theo6,25;.
16H:27M:23S : **CLIENT pseudo envoy√©: dennis
16H:27M:23S : **CLIENT joueurs recus: others:dennis4,10;.
16H:27M:23S : **CLIENT bug_lettres: lettresTrouvees:_______.lettresFausses:.
16H:27M:25S : **CLIENT scannedChar : D
16H:27M:26S : **CLIENT scannedChar : S
16H:27M:27S : **CLIENT scannedChar : Q
16H:27M:28S : **CLIENT scannedChar : D
16H:27M:28S : **CLIENT scannedChar : Q
16H:27M:28S : **CLIENT scannedChar : S
16H:27M:28S : **CLIENT scannedChar : F
16H:27M:29S : **CLIENT scannedChar : Q
16H:27M:29S : **CLIENT scannedChar : S
16H:27M:29S : **CLIENT scannedChar : D
16H:27M:29S : **CLIENT scannedChar : F
16H:27M:29S : **CLIENT scannedChar : A
16H:27M:30S : **CLIENT scannedChar : Z
16H:27M:31S : **CLIENT scannedChar : R
16H:27M:32S : **CLIENT scannedChar : E
16H:27M:33S : **CLIENT scannedChar : R
16H:27M:33S : **CLIENT scannedChar : T
16H:27M:34S : **CLIENT scannedChar : Y
16H:27M:35S : **CLIENT scannedChar : U
16H:27M:36S : **CLIENT scannedChar : I
16H:27M:43S : **CLIENT scannedChar : O
16H:27M:44S : **CLIENT scannedChar : C
16H:27M:45S : **CLIENT scannedChar : H
16H:27M:48S : **CLIENT envoi findeJeu: $Y
16H:27M:48S : **CLIENT recu findeJeu: donnees:_____$others:dennis4,19;.
16H:27M:48S : **CLIENT joueurs recus: others:dennis4,19;.
16H:27M:51S : **CLIENT scannedChar : F
16H:27M:52S : **CLIENT scannedChar : I
16H:28M:31S : **CLIENT pseudo envoy√©: az
16H:28M:31S : **CLIENT joueurs recus: others:dennis4,21;az5,10;.
16H:28M:31S : **CLIENT bug_lettres: lettresTrouvees:FI___.lettresFausses:.
16H:28M:34S : **CLIENT pseudo envoy√©: ae
16H:28M:34S : **CLIENT joueurs recus: others:dennis4,21;az5,10;ae6,10;.
16H:28M:34S : **CLIENT bug_lettres: lettresTrouvees:FI___.lettresFausses:.
16H:28M:39S : **CLIENT pseudo envoy√©: ar
16H:28M:39S : **CLIENT joueurs recus: others:dennis4,21;az5,10;ae6,10;ar7,10;.
16H:28M:39S : **CLIENT bug_lettres: lettresTrouvees:FI___.lettresFausses:.
16H:28M:42S : **CLIENT scannedChar : 
16H:28M:42S : **CLIENT suppJoueur: ar7
16H:28M:42S : **CLIENT suppJoueur: ar7
16H:28M:42S : **CLIENT suppJoueur: ar7
16H:28M:49S : **CLIENT pseudo envoy√©: at
16H:28M:49S : **CLIENT joueurs recus: others:dennis4,21;az5,10;ae6,10;at8,10;.
16H:28M:49S : **CLIENT bug_lettres: lettresTrouvees:FI___.lettresFausses:.
16H:28M:56S : **CLIENT pseudo envoy√©: ar
16H:28M:56S : **CLIENT joueurs recus: others:dennis4,21;az5,10;ae6,10;at8,10;ar7,10;.
16H:28M:56S : **CLIENT bug_lettres: lettresTrouvees:FI___.lettresFausses:.
16H:29M:0S : **CLIENT pseudo envoy√©: qs
16H:29M:0S : **CLIENT joueurs recus: others:dennis4,21;az5,10;ae6,10;at8,10;ar7,10;qs9,10;.
16H:29M:0S : **CLIENT bug_lettres: lettresTrouvees:FI___.lettresFausses:.
16H:29M:4S : **CLIENT pseudo envoy√©: qd
16H:29M:4S : **CLIENT joueurs recus: others:dennis4,21;az5,10;ae6,10;at8,10;ar7,10;qs9,10;qd10,10;.
16H:29M:4S : **CLIENT bug_lettres: lettresTrouvees:FI___.lettresFausses:.
16H:29M:7S : **CLIENT pseudo envoy√©: qf
16H:29M:7S : **CLIENT joueurs recus: others:dennis4,21;az5,10;ae6,10;at8,10;ar7,10;qs9,10;qd10,10;qf11,10;.
16H:29M:7S : **CLIENT bug_lettres: lettresTrouvees:FI___.lettresFausses:.
16H:29M:11S : **CLIENT pseudo envoy√©: qg
16H:29M:11S : **CLIENT joueurs recus: others:dennis4,21;az5,10;ae6,10;at8,10;ar7,10;qs9,10;qd10,10;qf11,10;qg12,10;.
16H:29M:11S : **CLIENT bug_lettres: lettresTrouvees:FI___.lettresFausses:.
16H:29M:19S : **CLIENT pseudo envoy√©: lkjgf
16H:29M:19S : **CLIENT joueurs recus: others:dennis4,21;az5,10;ae6,10;at8,10;ar7,10;qs9,10;qd10,10;qf11,10;qg12,10;lkjgf13,10;.
16H:29M:19S : **CLIENT bug_lettres: lettresTrouvees:FI___.lettresFausses:.
16H:29M:29S : **CLIENT pseudo envoy√©: gfdgds
16H:29M:42S : **CLIENT suppJoueur: lkjgf13
16H:29M:42S : **CLIENT suppJoueur: lkjgf13
16H:29M:42S : **CLIENT suppJoueur: lkjgf13
16H:29M:42S : **CLIENT suppJoueur: lkjgf13
16H:29M:42S : **CLIENT suppJoueur: lkjgf13
16H:29M:42S : **CLIENT suppJoueur: lkjgf13
16H:29M:42S : **CLIENT suppJoueur: lkjgf13
16H:29M:42S : **CLIENT suppJoueur: lkjgf13
16H:29M:42S : **CLIENT suppJoueur: lkjgf13
16H:29M:43S : **CLIENT suppJoueur: gfdgds14
16H:30M:5S : **CLIENT pseudo envoy√©: nouveau
16H:30M:5S : **CLIENT joueurs recus: others:dennis4,21;az5,10;ae6,10;at8,10;ar7,10;qs9,10;qd10,10;qf11,10;qg12,10;nouveau13,10;.
16H:30M:5S : **CLIENT bug_lettres: lettresTrouvees:FI___.lettresFausses:.
16H:30M:26S : **CLIENT scannedChar : D
16H:30M:27S : **CLIENT scannedChar : S
16H:30M:42S : **CLIENT pseudo envoy√©: dernier
16H:30M:50S : **CLIENT suppJoueur: qg12
16H:30M:50S : **CLIENT joueurs recus: others:dennis4,21;az5,10;ae6,10;at8,10;ar7,10;qs9,10;qd10,10;qf11,10;nouveau13,10;dernier14,10;.
16H:30M:50S : **CLIENT suppJoueur: qg12
16H:30M:50S : **CLIENT bug_lettres: lettresTrouvees:FI___.lettresFausses:DS.
16H:33M:18S : **CLIENT pseudo envoy√©: dezfzer
16H:34M:16S : **CLIENT pseudo envoy√©: qdfqsdqs
16H:35M:29S : **CLIENT pseudo envoy√©: qsdfqsfds
16H:36M:20S : **CLIENT scannedChar : U
16H:36M:43S : **CLIENT pseudo envoy√©: qsdqsqsdqs
16H:37M:27S : **CLIENT pseudo envoy√©: fsdfdqsfsd
16H:39M:55S : **CLIENT pseudo envoy√©: dsqdqs
16H:40M:11S : **CLIENT suppJoueur: dernier14
16H:40M:11S : **CLIENT suppJoueur: dernier14
16H:40M:22S : **CLIENT scannedChar : F
16H:40M:23S : **CLIENT scannedChar : S
16H:40M:23S : **CLIENT scannedChar : E
16H:40M:33S : **CLIENT scannedChar : ˇ
16H:40M:33S : **CLIENT scannedChar : ˇ
16H:40M:33S : **CLIENT scannedChar : ˇ
16H:40M:35S : **CLIENT scannedChar : 
16H:40M:47S : **CLIENT scannedChar : ˇ
16H:40M:47S : **CLIENT scannedChar : ˇ
16H:40M:47S : **CLIENT scannedChar : ˇ
16H:40M:48S : **CLIENT scannedChar : ˇ
16H:40M:48S : **CLIENT scannedChar : ˇ
16H:40M:48S : **CLIENT scannedChar : ˇ
16H:40M:48S : **CLIENT scannedChar : ˇ
16H:40M:48S : **CLIENT scannedChar : ˇ
16H:40M:48S : **CLIENT scannedChar : ˇ
16H:40M:49S : **CLIENT scannedChar : ˇ
16H:40M:49S : **CLIENT scannedChar : ˇ
16H:40M:49S : **CLIENT scannedChar : ˇ
16H:40M:49S : **CLIENT scannedChar : ˇ
16H:40M:49S : **CLIENT scannedChar : ˇ
16H:40M:49S : **CLIENT scannedChar : ˇ
16H:40M:50S : **CLIENT scannedChar : ˇ
16H:40M:50S : **CLIENT scannedChar : ˇ
16H:40M:50S : **CLIENT scannedChar : ˇ
16H:40M:57S : **CLIENT scannedChar : ˇ
16H:40M:57S : **CLIENT scannedChar : ˇ
16H:40M:57S : **CLIENT scannedChar : ˇ
16H:42M:12S : **CLIENT pseudo envoy√©: un
16H:42M:12S : **CLIENT joueurs recus: others:un4,10;.
16H:42M:12S : **CLIENT bug_lettres: lettresTrouvees:_____.lettresFausses:.
16H:42M:16S : **CLIENT pseudo envoy√©: deux
16H:42M:16S : **CLIENT joueurs recus: others:un4,10;deux5,10;.
16H:42M:16S : **CLIENT bug_lettres: lettresTrouvees:_____.lettresFausses:.
16H:42M:24S : **CLIENT pseudo envoy√©: trois
16H:42M:24S : **CLIENT joueurs recus: others:un4,10;deux5,10;trois6,10;.
16H:42M:24S : **CLIENT bug_lettres: lettresTrouvees:_____.lettresFausses:.
16H:42M:28S : **CLIENT pseudo envoy√©: quatre
16H:42M:28S : **CLIENT joueurs recus: others:un4,10;deux5,10;trois6,10;quatre7,10;.
16H:42M:28S : **CLIENT bug_lettres: lettresTrouvees:_____.lettresFausses:.
16H:42M:33S : **CLIENT pseudo envoy√©: cinq
16H:42M:33S : **CLIENT joueurs recus: others:un4,10;deux5,10;trois6,10;quatre7,10;cinq8,10;.
16H:42M:33S : **CLIENT bug_lettres: lettresTrouvees:_____.lettresFausses:.
16H:42M:34S : **CLIENT scannedChar : 

16H:42M:37S : **CLIENT pseudo envoy√©: six
16H:42M:37S : **CLIENT joueurs recus: others:un4,10;deux5,10;trois6,10;quatre7,10;cinq8,10;six9,10;.
16H:42M:37S : **CLIENT bug_lettres: lettresTrouvees:_____.lettresFausses:.
16H:42M:41S : **CLIENT pseudo envoy√©: sept
16H:42M:41S : **CLIENT joueurs recus: others:un4,10;deux5,10;trois6,10;quatre7,10;cinq8,10;six9,10;sept10,10;.
16H:42M:41S : **CLIENT bug_lettres: lettresTrouvees:_____.lettresFausses:.
16H:42M:45S : **CLIENT pseudo envoy√©: huit
16H:42M:45S : **CLIENT joueurs recus: others:un4,10;deux5,10;trois6,10;quatre7,10;cinq8,10;six9,10;sept10,10;huit11,10;.
16H:42M:45S : **CLIENT bug_lettres: lettresTrouvees:_____.lettresFausses:.
16H:42M:52S : **CLIENT pseudo envoy√©: neuf
16H:42M:52S : **CLIENT joueurs recus: others:un4,10;deux5,10;trois6,10;quatre7,10;cinq8,10;six9,10;sept10,10;huit11,10;neuf12,10;.
16H:42M:52S : **CLIENT bug_lettres: lettresTrouvees:_____.lettresFausses:.
16H:42M:59S : **CLIENT pseudo envoy√©: dix
16H:42M:59S : **CLIENT joueurs recus: others:un4,10;deux5,10;trois6,10;quatre7,10;cinq8,10;six9,10;sept10,10;huit11,10;neuf12,10;dix13,10;.
16H:42M:59S : **CLIENT bug_lettres: lettresTrouvees:_____.lettresFausses:.
16H:43M:10S : **CLIENT pseudo envoy√©: onze
16H:43M:22S : **CLIENT scannedChar : 
16H:43M:22S : **CLIENT suppJoueur: dix13
16H:43M:22S : **CLIENT suppJoueur: dix13
16H:43M:22S : **CLIENT joueurs recus: others:un4,10;deux5,10;trois6,10;quatre7,10;cinq8,10;six9,10;sept10,10;huit11,10;neuf12,10;onze14,10;.
16H:43M:22S : **CLIENT suppJoueur: dix13
16H:43M:22S : **CLIENT suppJoueur: dix13
16H:43M:22S : **CLIENT suppJoueur: dix13
16H:43M:22S : **CLIENT suppJoueur: dix13
16H:43M:22S : **CLIENT bug_lettres: lettresTrouvees:_____.lettresFausses:.
16H:43M:22S : **CLIENT suppJoueur: dix13
16H:43M:22S : **CLIENT suppJoueur: dix13
16H:43M:22S : **CLIENT suppJoueur: dix13
16H:43M:52S : **CLIENT scannedChar : Z
16H:43M:54S : **CLIENT scannedChar : A
16H:44M:18S : **CLIENT pseudo envoy√©: douze
16H:44M:26S : **CLIENT scannedChar : E
16H:44M:26S : **CLIENT suppJoueur: deux5
16H:44M:26S : **CLIENT suppJoueur: huit11
16H:44M:26S : **CLIENT suppJoueur: sept10
16H:44M:26S : **CLIENT erreur de reception: neuf12
16H:44M:26S : **CLIENT suppJoueur: un4
16H:44M:46S : **CLIENT pseudo envoy√©: dennis
16H:44M:46S : **CLIENT joueurs recus: others:onze14,10;dennis5,10;.
16H:44M:46S : **CLIENT bug_lettres: lettresTrouvees:___E_.lettresFausses:ZA.
16H:44M:51S : **CLIENT scannedChar : 

16H:44M:52S : **CLIENT scannedChar : 

16H:44M:52S : **CLIENT scannedChar : D
16H:44M:53S : **CLIENT scannedChar : S
16H:44M:54S : **CLIENT scannedChar : F
16H:44M:55S : **CLIENT suppJoueur: onze14
16H:46M:36S : **CLIENT pseudo envoy√©: un
16H:46M:36S : **CLIENT joueurs recus: others:dennis5,10;un4,10;.
16H:46M:36S : **CLIENT bug_lettres: lettresTrouvees:F__E_.lettresFausses:ZADS.
16H:46M:44S : **CLIENT pseudo envoy√©: deux
16H:46M:44S : **CLIENT joueurs recus: others:dennis5,10;un4,10;deux6,10;.
16H:46M:44S : **CLIENT bug_lettres: lettresTrouvees:F__E_.lettresFausses:ZADS.
16H:46M:49S : **CLIENT pseudo envoy√©: trois
16H:46M:49S : **CLIENT joueurs recus: others:dennis5,10;un4,10;deux6,10;trois7,10;.
16H:46M:49S : **CLIENT bug_lettres: lettresTrouvees:F__E_.lettresFausses:ZADS.
16H:46M:50S : **CLIENT scannedChar : 

16H:46M:56S : **CLIENT pseudo envoy√©: quatre
16H:46M:56S : **CLIENT joueurs recus: others:dennis5,10;un4,10;deux6,10;trois7,10;quatre8,10;.
16H:46M:56S : **CLIENT bug_lettres: lettresTrouvees:F__E_.lettresFausses:ZADS.
16H:46M:57S : **CLIENT scannedChar : 

16H:47M:3S : **CLIENT pseudo envoy√©: cinq
16H:47M:3S : **CLIENT joueurs recus: others:dennis5,10;un4,10;deux6,10;trois7,10;quatre8,10;cinq9,10;.
16H:47M:3S : **CLIENT bug_lettres: lettresTrouvees:F__E_.lettresFausses:ZADS.
16H:47M:7S : **CLIENT scannedChar : ˇ
16H:47M:7S : **CLIENT scannedChar : ˇ
16H:47M:7S : **CLIENT scannedChar : ˇ
16H:47M:7S : **CLIENT scannedChar : ˇ
16H:47M:7S : **CLIENT suppJoueur: cinq9
16H:47M:7S : **CLIENT suppJoueur: cinq9
16H:47M:7S : **CLIENT suppJoueur: cinq9
16H:47M:7S : **CLIENT suppJoueur: cinq9
16H:47M:7S : **CLIENT suppJoueur: cinq9
16H:49M:20S : **CLIENT scannedChar : 
16H:49M:20S : **CLIENT suppJoueur: quatre8
16H:49M:20S : **CLIENT suppJoueur: quatre8
16H:49M:20S : **CLIENT suppJoueur: quatre8
16H:49M:20S : **CLIENT suppJoueur: quatre8
16H:49M:27S : **CLIENT pseudo envoy√©: trtre
16H:49M:27S : **CLIENT joueurs recus: others:dennis5,10;un4,10;deux6,10;trois7,10;trtre10,10;.
16H:49M:27S : **CLIENT bug_lettres: lettresTrouvees:F__E_.lettresFausses:ZADS.
16H:49M:40S : **CLIENT pseudo envoy√©: dfgdfs
16H:49M:40S : **CLIENT joueurs recus: others:dennis5,10;un4,10;deux6,10;trois7,10;trtre10,10;dfgdfs8,10;.
16H:49M:40S : **CLIENT bug_lettres: lettresTrouvees:F__E_.lettresFausses:ZADS.
16H:49M:44S : **CLIENT scannedChar : 
16H:49M:44S : **CLIENT suppJoueur: dfgdfs8
16H:49M:44S : **CLIENT suppJoueur: dfgdfs8
16H:49M:44S : **CLIENT suppJoueur: dfgdfs8
16H:49M:44S : **CLIENT suppJoueur: dfgdfs8
16H:49M:44S : **CLIENT suppJoueur: dfgdfs8
16H:54M:0S : **CLIENT scannedChar : 
16H:54M:1S : **CLIENT scannedChar : ˇ
16H:54M:1S : **CLIENT suppJoueur: trtre10
16H:54M:1S : **CLIENT suppJoueur: trtre10
16H:54M:1S : **CLIENT suppJoueur: trtre10
16H:54M:1S : **CLIENT suppJoueur: trtre10
16H:54M:4S : **CLIENT scannedChar : 

16H:54M:4S : **CLIENT scannedChar : ˇ
16H:54M:4S : **CLIENT scannedChar : ˇ
16H:54M:4S : **CLIENT scannedChar : ˇ
16H:54M:4S : **CLIENT suppJoueur: dennis5
16H:54M:4S : **CLIENT suppJoueur: dennis5
16H:54M:4S : **CLIENT suppJoueur: dennis5
16H:54M:8S : **CLIENT scannedChar : ˇ
16H:54M:8S : **CLIENT scannedChar : ˇ
16H:54M:8S : **CLIENT scannedChar : ˇ
16H:54M:9S : **CLIENT scannedChar : ˇ
16H:54M:9S : **CLIENT scannedChar : ˇ
16H:54M:9S : **CLIENT scannedChar : ˇ
16H:54M:9S : **CLIENT scannedChar : ˇ
16H:54M:11S : **CLIENT scannedChar : 
17H:4M:8S : **CLIENT pseudo envoy√©: un
17H:4M:8S : **CLIENT joueurs recus: others:un4,10;.
17H:4M:8S : **CLIENT bug_lettres: lettresTrouvees:____.lettresFausses:.
17H:4M:12S : **CLIENT pseudo envoy√©: deux
17H:4M:12S : **CLIENT joueurs recus: others:un4,10;deux5,10;.
17H:4M:12S : **CLIENT bug_lettres: lettresTrouvees:____.lettresFausses:.
17H:4M:15S : **CLIENT pseudo envoy√©: trois
17H:4M:15S : **CLIENT joueurs recus: others:un4,10;deux5,10;trois6,10;.
17H:4M:15S : **CLIENT bug_lettres: lettresTrouvees:____.lettresFausses:.
17H:4M:21S : **CLIENT scannedChar : C
17H:4M:22S : **CLIENT scannedChar : O
17H:4M:23S : **CLIENT scannedChar : I
17H:4M:24S : **CLIENT scannedChar : N
17H:4M:29S : **CLIENT envoi findeJeu: $Y
17H:4M:31S : **CLIENT scannedChar : Y
17H:4M:31S : **CLIENT envoi findeJeu: $Y
17H:4M:33S : **CLIENT scannedChar : Y
17H:4M:33S : **CLIENT envoi findeJeu: $Y
17H:4M:33S : **CLIENT recu findeJeu: donnees:_____$others:un4,13;deux5,21;trois6,10;.
17H:4M:33S : **CLIENT recu findeJeu: donnees:_____$others:un4,13;deux5,21;trois6,10;.
17H:4M:33S : **CLIENT joueurs recus: others:un4,13;deux5,21;trois6,10;.
17H:4M:33S : **CLIENT recu findeJeu: donnees:_____$others:un4,13;deux5,21;trois6,10;.
17H:4M:33S : **CLIENT joueurs recus: others:un4,13;deux5,21;trois6,10;.
17H:4M:33S : **CLIENT joueurs recus: others:un4,13;deux5,21;trois6,10;.
17H:4M:37S : **CLIENT scannedChar : 

17H:4M:40S : **CLIENT scannedChar : C
17H:4M:41S : **CLIENT scannedChar : O
17H:4M:42S : **CLIENT scannedChar : L
17H:4M:44S : **CLIENT scannedChar : E
17H:4M:46S : **CLIENT envoi findeJeu: $Y
17H:4M:47S : **CLIENT scannedChar : N
17H:4M:49S : **CLIENT scannedChar : N
17H:4M:51S : **CLIENT recu findeJeu: donnees:________$others:un4,24;.
17H:4M:51S : **CLIENT joueurs recus: others:un4,24;.
17H:4M:55S : **CLIENT scannedChar : D
17H:4M:56S : **CLIENT scannedChar : Z
17H:4M:58S : **CLIENT scannedChar : M
17H:5M:10S : **CLIENT pseudo envoy√©: azeaz
17H:5M:10S : **CLIENT joueurs recus: others:un4,23;azeaz7,10;.
17H:5M:10S : **CLIENT bug_lettres: lettresTrouvees:M_______.lettresFausses:DZ.
17H:6M:31S : **CLIENT scannedChar : D
17H:6M:33S : **CLIENT scannedChar : O
17H:6M:38S : **CLIENT scannedChar : 
17H:9M:12S : **CLIENT scannedChar : 
17H:9M:12S : **CLIENT suppJoueur: un4
17H:9M:18S : **CLIENT scannedChar : 
17H:12M:8S : **CLIENT pseudo envoy√©: un
17H:12M:15S : **CLIENT joueurs recus: others:un4,10;NoPseudoYet,10;.
17H:12M:15S : **CLIENT bug_lettres: lettresTrouvees:____.lettresFausses:.
17H:12M:16S : **CLIENT scannedChar : A
17H:12M:16S : **CLIENT pseudo envoy√©: deux
17H:12M:16S : **CLIENT joueurs recus: others:un4,9;deux5,10;.
17H:12M:16S : **CLIENT bug_lettres: lettresTrouvees:____.lettresFausses:A.
17H:12M:17S : **CLIENT scannedChar : Z
17H:12M:17S : **CLIENT suppJoueur: deux5
17H:12M:18S : **CLIENT scannedChar : E
17H:12M:41S : **CLIENT pseudo envoy√©: sdqs
17H:12M:41S : **CLIENT joueurs recus: others:un4,7;sdqs6,10;.
17H:12M:41S : **CLIENT bug_lettres: lettresTrouvees:____.lettresFausses:AZE.
17H:12M:44S : **CLIENT scannedChar : Z
17H:12M:45S : **CLIENT scannedChar : A
17H:12M:47S : **CLIENT scannedChar : D
17H:13M:29S : **CLIENT scannedChar : 
17H:13M:29S : **CLIENT suppJoueur: sdqs6
17H:13M:30S : **CLIENT scannedChar : 
17H:14M:37S : **CLIENT pseudo envoy√©: dennis
17H:14M:44S : **CLIENT joueurs recus: others:dennis4,10;NoPseudoYet,10;.
17H:14M:44S : **CLIENT bug_lettres: lettresTrouvees:____.lettresFausses:.
17H:14M:45S : **CLIENT scannedChar : S
17H:14M:46S : **CLIENT scannedChar : D
17H:14M:47S : **CLIENT scannedChar : F
17H:14M:54S : **CLIENT pseudo envoy√©: dennis
17H:14M:54S : **CLIENT joueurs recus: others:dennis4,11;dennis5,10;.
17H:14M:54S : **CLIENT bug_lettres: lettresTrouvees:D__S.lettresFausses:F.
17H:15M:8S : **CLIENT scannedChar : E
17H:15M:15S : **CLIENT scannedChar : 
17H:15M:15S : **CLIENT suppJoueur: dennis5
17H:15M:16S : **CLIENT scannedChar : 
17H:16M:24S : **CLIENT pseudo envoy√©: dennis
17H:16M:30S : **CLIENT joueurs recus: others:dennis4,10;NoPseudoYet,10;.
17H:16M:30S : **CLIENT bug_lettres: lettresTrouvees:______.lettresFausses:.
17H:16M:31S : **CLIENT scannedChar : A
17H:16M:32S : **CLIENT pseudo envoy√©: theo
17H:16M:32S : **CLIENT joueurs recus: others:dennis4,11;theo5,10;.
17H:16M:32S : **CLIENT bug_lettres: lettresTrouvees:_A____.lettresFausses:.
17H:16M:32S : **CLIENT scannedChar : Z
17H:16M:33S : **CLIENT suppJoueur: theo5
17H:16M:33S : **CLIENT scannedChar : E
17H:16M:34S : **CLIENT scannedChar : R
17H:16M:35S : **CLIENT scannedChar : T
17H:16M:36S : **CLIENT scannedChar : Y
17H:16M:37S : **CLIENT scannedChar : U
17H:16M:38S : **CLIENT scannedChar : I
17H:16M:39S : **CLIENT scannedChar : O
17H:16M:40S : **CLIENT scannedChar : P
17H:22M:59S : **CLIENT pseudo envoy√©: dennis
17H:23M:6S : **CLIENT joueurs recus: others:dennis4,10;NoPseudoYet,10;.
17H:23M:6S : **CLIENT bug_lettres: lettresTrouvees:_______.lettresFausses:.
17H:23M:7S : **CLIENT scannedChar : Q
17H:23M:8S : **CLIENT scannedChar : D
17H:23M:9S : **CLIENT scannedChar : Q
17H:23M:9S : **CLIENT scannedChar : S
17H:23M:10S : **CLIENT scannedChar : D
17H:23M:10S : **CLIENT scannedChar : A
17H:23M:11S : **CLIENT scannedChar : Z
17H:23M:12S : **CLIENT scannedChar : E
17H:23M:13S : **CLIENT scannedChar : A
17H:23M:13S : **CLIENT scannedChar : 	
17H:23M:13S : **CLIENT scannedChar : Z
17H:23M:13S : **CLIENT scannedChar : A
17H:23M:13S : **CLIENT scannedChar : R
17H:23M:14S : **CLIENT scannedChar : E
17H:23M:14S : **CLIENT scannedChar : F
17H:23M:15S : **CLIENT scannedChar : D
17H:23M:15S : **CLIENT scannedChar : S
17H:23M:17S : **CLIENT pseudo envoy√©: qdqs
17H:23M:17S : **CLIENT joueurs recus: others:dennis4,10;qdqs5,10;.
17H:23M:17S : **CLIENT bug_lettres: lettresTrouvees:E_AR_ER.lettresFausses:QDSZF.
17H:23M:58S : **CLIENT scannedChar : R
17H:23M:59S : **CLIENT scannedChar : R
17H:24M:0S : **CLIENT scannedChar : R
17H:24M:1S : **CLIENT scannedChar : R
17H:24M:1S : **CLIENT scannedChar : R
17H:28M:28S : **CLIENT scannedChar : 
17H:28M:28S : **CLIENT suppJoueur: dennis4
17H:28M:28S : **CLIENT scannedChar : 
17H:29M:30S : **CLIENT pseudo envoy√©: dennis
17H:29M:34S : **CLIENT joueurs recus: others:dennis4,10;NoPseudoYet,10;.
17H:29M:34S : **CLIENT bug_lettres: lettresTrouvees:_________.lettresFausses:.
17H:29M:47S : **CLIENT scannedChar : A
17H:29M:47S : **CLIENT pseudo envoy√©: jeanmi
17H:29M:47S : **CLIENT joueurs recus: others:dennis4,10;jeanmi5,10;.
17H:29M:47S : **CLIENT bug_lettres: lettresTrouvees:_________.lettresFausses:.
17H:29M:48S : **CLIENT scannedChar : Z
17H:29M:48S : **CLIENT suppJoueur: jeanmi5
17H:29M:49S : **CLIENT scannedChar : E
17H:29M:50S : **CLIENT scannedChar : R
17H:29M:51S : **CLIENT scannedChar : T
17H:29M:52S : **CLIENT scannedChar : Y
17H:29M:53S : **CLIENT scannedChar : U
17H:29M:54S : **CLIENT scannedChar : E
17H:29M:54S : **CLIENT scannedChar : A
17H:29M:54S : **CLIENT scannedChar : Z
17H:29M:54S : **CLIENT scannedChar : E
17H:29M:54S : **CLIENT scannedChar : A
17H:29M:54S : **CLIENT scannedChar : Z
17H:29M:54S : **CLIENT scannedChar : Z
17H:29M:54S : **CLIENT scannedChar : Z
17H:29M:54S : **CLIENT scannedChar : E
17H:29M:54S : **CLIENT scannedChar : E
17H:29M:54S : **CLIENT scannedChar : D
17H:29M:55S : **CLIENT scannedChar : C
17H:29M:56S : **CLIENT scannedChar : C
17H:29M:56S : **CLIENT scannedChar : W
17H:30M:44S : **CLIENT scannedChar : 
17H:31M:51S : **CLIENT pseudo envoy√©: dennis
17H:31M:58S : **CLIENT joueurs recus: others:dennis4,10;NoPseudoYet,10;.
17H:31M:58S : **CLIENT bug_lettres: lettresTrouvees:_____.lettresFausses:.
17H:32M:1S : **CLIENT pseudo envoy√©: teho
17H:32M:1S : **CLIENT joueurs recus: others:dennis4,10;teho5,10;.
17H:32M:1S : **CLIENT bug_lettres: lettresTrouvees:_____.lettresFausses:.
17H:32M:4S : **CLIENT scannedChar : A
17H:32M:5S : **CLIENT scannedChar : Z
17H:32M:6S : **CLIENT scannedChar : E
17H:32M:7S : **CLIENT scannedChar : R
17H:32M:8S : **CLIENT scannedChar : T
17H:32M:9S : **CLIENT scannedChar : Y
17H:32M:10S : **CLIENT scannedChar : U
17H:32M:11S : **CLIENT scannedChar : I
17H:32M:12S : **CLIENT scannedChar : O
17H:32M:13S : **CLIENT scannedChar : P
17H:35M:56S : **CLIENT scannedChar : ¬
17H:35M:56S : **CLIENT scannedChar : ≤
17H:35M:56S : **CLIENT scannedChar : 
17H:35M:56S : **CLIENT suppJoueur: dennis4
17H:35M:57S : **CLIENT scannedChar : 
17H:36M:1S : **CLIENT pseudo envoy√©: 
17H:37M:58S : **CLIENT pseudo envoy√©: dennis
17H:38M:3S : **CLIENT joueurs recus: others:dennis4,10;NoPseudoYet,10;.
17H:38M:3S : **CLIENT bug_lettres: lettresTrouvees:______.lettresFausses:.
17H:38M:4S : **CLIENT scannedChar : A
17H:38M:7S : **CLIENT scannedChar : 	
17H:38M:7S : **CLIENT scannedChar : Z
17H:38M:8S : **CLIENT scannedChar : E
17H:38M:9S : **CLIENT scannedChar : R
17H:38M:10S : **CLIENT scannedChar : T
17H:38M:11S : **CLIENT scannedChar : Y
17H:38M:12S : **CLIENT scannedChar : U
17H:38M:13S : **CLIENT scannedChar : I
17H:38M:14S : **CLIENT scannedChar : O
17H:38M:33S : **CLIENT scannedChar : 
17H:39M:50S : **CLIENT pseudo envoy√©: dennis
17H:39M:55S : **CLIENT joueurs recus: others:dennis4,10;NoPseudoYet,10;.
17H:39M:55S : **CLIENT bug_lettres: lettresTrouvees:____.lettresFausses:.
17H:39M:56S : **CLIENT scannedChar : S
17H:39M:59S : **CLIENT scannedChar : Q
17H:40M:0S : **CLIENT scannedChar : D
17H:40M:1S : **CLIENT scannedChar : F
17H:40M:2S : **CLIENT scannedChar : S
17H:40M:2S : **CLIENT scannedChar : D
17H:40M:2S : **CLIENT scannedChar : D
17H:40M:2S : **CLIENT scannedChar : S
17H:40M:2S : **CLIENT scannedChar : F
17H:40M:2S : **CLIENT scannedChar : E
17H:40M:3S : **CLIENT scannedChar : S
17H:40M:3S : **CLIENT scannedChar : Q
17H:40M:3S : **CLIENT scannedChar : F
17H:40M:10S : **CLIENT pseudo envoy√©: sdfsdqf
17H:40M:10S : **CLIENT joueurs recus: others:dennis4,5;sdfsdqf5,10;.
17H:40M:10S : **CLIENT bug_lettres: lettresTrouvees:____.lettresFausses:SQDFE.
17H:40M:17S : **CLIENT scannedChar : A
17H:40M:18S : **CLIENT scannedChar : Z
17H:40M:19S : **CLIENT scannedChar : E
17H:40M:19S : **CLIENT scannedChar : R
17H:40M:20S : **CLIENT scannedChar : T
17H:40M:21S : **CLIENT scannedChar : Y
17H:40M:22S : **CLIENT scannedChar : U
17H:40M:25S : **CLIENT scannedChar : N
17H:41M:0S : **CLIENT pseudo envoy√©: dennis
17H:41M:3S : **CLIENT joueurs recus: others:dennis4,10;NoPseudoYet,10;.
17H:41M:3S : **CLIENT bug_lettres: lettresTrouvees:_________.lettresFausses:.
17H:41M:16S : **CLIENT pseudo envoy√©: theo
17H:41M:16S : **CLIENT joueurs recus: others:dennis4,10;theo5,10;.
17H:41M:16S : **CLIENT bug_lettres: lettresTrouvees:_________.lettresFausses:.
17H:41M:22S : **CLIENT scannedChar : A
17H:41M:23S : **CLIENT scannedChar : Z
17H:41M:24S : **CLIENT scannedChar : E
17H:41M:25S : **CLIENT scannedChar : R
17H:41M:26S : **CLIENT scannedChar : T
17H:41M:27S : **CLIENT scannedChar : Y
17H:41M:28S : **CLIENT scannedChar : U
17H:41M:29S : **CLIENT scannedChar : I
17H:41M:30S : **CLIENT scannedChar : O
17H:42M:15S : **CLIENT scannedChar : S
17H:42M:16S : **CLIENT scannedChar : D
17H:42M:17S : **CLIENT scannedChar : F
17H:42M:18S : **CLIENT scannedChar : G
17H:42M:19S : **CLIENT scannedChar : H
17H:42M:22S : **CLIENT scannedChar : N
17H:42M:40S : **CLIENT pseudo envoy√©: azertyu
17H:42M:47S : **CLIENT joueurs recus: others:azertyu4,10;NoPseudoYet,10;.
17H:42M:47S : **CLIENT bug_lettres: lettresTrouvees:____.lettresFausses:.
17H:42M:55S : **CLIENT pseudo envoy√©: jeanMi
17H:42M:55S : **CLIENT joueurs recus: others:azertyu4,10;jeanMi5,10;.
17H:42M:55S : **CLIENT bug_lettres: lettresTrouvees:____.lettresFausses:.
17H:43M:1S : **CLIENT scannedChar : A
17H:43M:2S : **CLIENT scannedChar : Z
17H:43M:3S : **CLIENT scannedChar : E
17H:43M:4S : **CLIENT scannedChar : R
17H:43M:5S : **CLIENT scannedChar : T
17H:43M:6S : **CLIENT scannedChar : Y
17H:43M:7S : **CLIENT scannedChar : U
17H:43M:8S : **CLIENT scannedChar : I
17H:43M:9S : **CLIENT scannedChar : O
17H:43M:10S : **CLIENT scannedChar : P
17H:43M:11S : **CLIENT scannedChar : P
17H:43M:11S : **CLIENT scannedChar : O
17H:43M:11S : **CLIENT scannedChar : I
17H:43M:11S : **CLIENT scannedChar : U
17H:43M:11S : **CLIENT scannedChar : Y
17H:43M:11S : **CLIENT scannedChar : T
17H:43M:11S : **CLIENT scannedChar : R
17H:43M:11S : **CLIENT scannedChar : E
17H:43M:11S : **CLIENT scannedChar : Z
17H:48M:27S : **CLIENT scannedChar : 
17H:48M:27S : **CLIENT suppJoueur: jeanMi5
17H:48M:28S : **CLIENT scannedChar : 
17H:50M:13S : **CLIENT pseudo envoy√©: dennis
17H:50M:20S : **CLIENT joueurs recus: others:dennis4,10;NoPseudoYet,10;.
17H:50M:20S : **CLIENT bug_lettres: lettresTrouvees:______.lettresFausses:.
17H:50M:31S : **CLIENT pseudo envoy√©: theo
17H:50M:31S : **CLIENT joueurs recus: others:dennis4,10;theo5,10;.
17H:50M:31S : **CLIENT bug_lettres: lettresTrouvees:______.lettresFausses:.
20H:22M:22S : **CLIENT pseudo envoy√©: azer
20H:22M:25S : **CLIENT joueurs recus: others:azer4,10;NoPseudoYet,10;.
20H:22M:25S : **CLIENT bug_lettres: lettresTrouvees:_______.lettresFausses:.
20H:22M:27S : **CLIENT pseudo envoy√©: zr
20H:22M:27S : **CLIENT joueurs recus: others:azer4,10;zr5,10;.
20H:22M:27S : **CLIENT bug_lettres: lettresTrouvees:_______.lettresFausses:.
20H:25M:30S : **CLIENT scannedChar : A
20H:25M:34S : **CLIENT scannedChar : V
20H:25M:35S : **CLIENT scannedChar : O
20H:25M:36S : **CLIENT scannedChar : U
20H:25M:36S : **CLIENT scannedChar : L
20H:25M:37S : **CLIENT scannedChar : I
20H:25M:38S : **CLIENT scannedChar : R
20H:25M:41S : **CLIENT envoi findeJeu: $Y
20H:25M:44S : **CLIENT scannedChar : N
20H:25M:45S : **CLIENT recu findeJeu: donnees:___$others:azer4,23;.
20H:25M:45S : **CLIENT joueurs recus: others:azer4,23;.
20H:31M:58S : **CLIENT pseudo envoy√©: eqstr
20H:31M:58S : **CLIENT joueurs recus: others:azer4,23;eqstr6,10;.
20H:31M:58S : **CLIENT bug_lettres: lettresTrouvees:___.lettresFausses:.
20H:32M:5S : **CLIENT scannedChar : 
20H:32M:5S : **CLIENT suppJoueur: eqstr6
20H:32M:7S : **CLIENT scannedChar : A
20H:32M:8S : **CLIENT scannedChar : Z
20H:32M:11S : **CLIENT scannedChar : E
20H:32M:15S : **CLIENT scannedChar : T
20H:32M:17S : **CLIENT scannedChar : L
20H:32M:18S : **CLIENT scannedChar : M
20H:32M:19S : **CLIENT scannedChar : N
20H:32M:20S : **CLIENT scannedChar : H
20H:32M:24S : **CLIENT scannedChar : F
20H:32M:28S : **CLIENT scannedChar : D
20H:32M:32S : **CLIENT scannedChar : S
20H:32M:34S : **CLIENT envoi findeJeu: $Y
20H:32M:34S : **CLIENT recu findeJeu: donnees:_____$others:azer4,11;.
20H:32M:34S : **CLIENT joueurs recus: others:azer4,11;.
22H:28M:49S : **CLIENT pseudo envoy√©: ezrt
22H:28M:55S : **CLIENT joueurs recus: others:ezrt4,10;NoPseudoYet,10;.
22H:28M:55S : **CLIENT bug_lettres: lettresTrouvees:_______.lettresFausses:.
22H:28M:56S : **CLIENT pseudo envoy√©: df
22H:28M:56S : **CLIENT joueurs recus: others:ezrt4,10;df5,10;.
22H:28M:56S : **CLIENT bug_lettres: lettresTrouvees:_______.lettresFausses:.
22H:29M:0S : **CLIENT scannedChar : F
22H:29M:1S : **CLIENT scannedChar : A
22H:29M:2S : **CLIENT scannedChar : G
22H:29M:2S : **CLIENT scannedChar : T
22H:29M:3S : **CLIENT scannedChar : J
22H:29M:4S : **CLIENT scannedChar : K
22H:29M:5S : **CLIENT scannedChar : I
22H:29M:6S : **CLIENT scannedChar : U
22H:29M:6S : **CLIENT scannedChar : E
22H:29M:8S : **CLIENT envoi findeJeu: $Y
22H:29M:9S : **CLIENT envoi findeJeu: $Y
22H:29M:9S : **CLIENT recu findeJeu: donnees:_______$others:ezrt4,11;df5,24;.
22H:29M:9S : **CLIENT recu findeJeu: donnees:_______$others:ezrt4,11;df5,24;.
22H:29M:9S : **CLIENT joueurs recus: others:ezrt4,11;df5,24;.
22H:29M:9S : **CLIENT joueurs recus: others:ezrt4,11;df5,24;.
22H:29M:15S : **CLIENT scannedChar : P
22H:29M:16S : **CLIENT scannedChar : A
22H:29M:17S : **CLIENT scannedChar : R
22H:29M:18S : **CLIENT scannedChar : K
22H:29M:18S : **CLIENT scannedChar : G
22H:29M:19S : **CLIENT scannedChar : I
22H:29M:20S : **CLIENT scannedChar : N
22H:29M:21S : **CLIENT scannedChar : N
22H:29M:25S : **CLIENT envoi findeJeu: $Y
22H:29M:25S : **CLIENT recu findeJeu: donnees:________$others:df5,40;.
22H:29M:25S : **CLIENT joueurs recus: others:df5,40;.
22H:29M:45S : **CLIENT scannedChar : N
22H:29M:47S : **CLIENT pseudo envoy√©: azer
22H:29M:47S : **CLIENT joueurs recus: others:df5,41;azer6,10;.
22H:29M:47S : **CLIENT bug_lettres: lettresTrouvees:____N___.lettresFausses:.
22H:29M:52S : **CLIENT scannedChar : M
22H:29M:53S : **CLIENT scannedChar : E
22H:29M:54S : **CLIENT scannedChar : A
22H:29M:54S : **CLIENT scannedChar : L
22H:29M:55S : **CLIENT scannedChar : N
22H:29M:55S : **CLIENT scannedChar : G
22H:29M:56S : **CLIENT scannedChar : R
22H:30M:1S : **CLIENT scannedChar : Y
22H:30M:2S : **CLIENT envoi findeJeu: $Y
22H:30M:2S : **CLIENT recu findeJeu: donnees:____$others:df5,43;.
22H:30M:2S : **CLIENT joueurs recus: others:df5,43;.
22H:35M:35S : **CLIENT pseudo envoy√©: u
22H:35M:35S : **CLIENT joueurs recus: others:df5,43;u4,10;.
22H:35M:35S : **CLIENT bug_lettres: lettresTrouvees:____.lettresFausses:.
22H:35M:39S : **CLIENT scannedChar : S
22H:35M:40S : **CLIENT scannedChar : A
22H:35M:41S : **CLIENT scannedChar : L
22H:35M:42S : **CLIENT scannedChar : E
22H:35M:56S : **CLIENT scannedChar : Y
22H:35M:57S : **CLIENT envoi findeJeu: $Y
22H:35M:57S : **CLIENT recu findeJeu: donnees:__________$others:df5,43;.
22H:35M:57S : **CLIENT joueurs recus: others:df5,43;.
22H:35M:57S : **CLIENT erreur de reception: donnees:_____$others:df5,43;.
22H:37M:48S : **CLIENT pseudo envoy√©: uhi
22H:37M:49S : **CLIENT joueurs recus: others:uhi4,10;NoPseudoYet,10;.
22H:37M:49S : **CLIENT bug_lettres: lettresTrouvees:______.lettresFausses:.
22H:37M:50S : **CLIENT pseudo envoy√©: o
22H:37M:50S : **CLIENT joueurs recus: others:uhi4,10;o5,10;.
22H:37M:50S : **CLIENT bug_lettres: lettresTrouvees:______.lettresFausses:.
22H:37M:51S : **CLIENT pseudo envoy√©: edr
22H:37M:51S : **CLIENT joueurs recus: others:edr6,10;.
22H:37M:51S : **CLIENT bug_lettres: lettresTrouvees:______.lettresFausses:.
22H:38M:0S : **CLIENT pseudo envoy√©: yui
22H:38M:0S : **CLIENT joueurs recus: others:edr6,10;yui4,10;.
22H:38M:0S : **CLIENT bug_lettres: lettresTrouvees:______.lettresFausses:.
22H:38M:5S : **CLIENT pseudo envoy√©: iu
22H:38M:5S : **CLIENT joueurs recus: others:edr6,10;yui4,10;iu5,10;.
22H:38M:5S : **CLIENT bug_lettres: lettresTrouvees:______.lettresFausses:.
22H:38M:11S : **CLIENT scannedChar : R
22H:38M:12S : **CLIENT scannedChar : O
22H:38M:13S : **CLIENT scannedChar : U
22H:38M:14S : **CLIENT scannedChar : L
22H:38M:15S : **CLIENT scannedChar : E
22H:38M:20S : **CLIENT scannedChar : Y
22H:38M:20S : **CLIENT envoi findeJeu: $Y
22H:38M:20S : **CLIENT recu findeJeu: donnees:_____$others:edr6,10;yui4,10;.
22H:38M:20S : **CLIENT joueurs recus: others:edr6,10;yui4,10;.
22H:38M:23S : **CLIENT scannedChar : Y
22H:38M:24S : **CLIENT envoi findeJeu: $Y
22H:38M:24S : **CLIENT recu findeJeu: donnees:_____$others:edr6,10;yui4,10;.
22H:38M:24S : **CLIENT joueurs recus: others:edr6,10;yui4,10;.
22H:40M:35S : **CLIENT scannedChar : 
22H:40M:36S : **CLIENT scannedChar : 
22H:40M:47S : **CLIENT pseudo envoy√©: gyi
22H:40M:48S : **CLIENT joueurs recus: others:gyi4,10;NoPseudoYet,10;.
22H:40M:48S : **CLIENT bug_lettres: lettresTrouvees:_________.lettresFausses:.
22H:40M:50S : **CLIENT pseudo envoy√©: g
22H:40M:50S : **CLIENT joueurs recus: others:gyi4,10;g5,10;.
22H:40M:50S : **CLIENT bug_lettres: lettresTrouvees:_________.lettresFausses:.
22H:40M:52S : **CLIENT pseudo envoy√©: ed
22H:40M:52S : **CLIENT joueurs recus: others:gyi4,10;g5,10;ed6,10;.
22H:40M:52S : **CLIENT bug_lettres: lettresTrouvees:_________.lettresFausses:.
22H:40M:56S : **CLIENT scannedChar : C
22H:40M:57S : **CLIENT scannedChar : A
22H:40M:58S : **CLIENT scannedChar : S
22H:40M:59S : **CLIENT scannedChar : T
22H:40M:59S : **CLIENT scannedChar : Q
22H:41M:0S : **CLIENT scannedChar : U
22H:41M:1S : **CLIENT scannedChar : E
22H:41M:6S : **CLIENT scannedChar : Y
22H:41M:7S : **CLIENT envoi findeJeu: $Y
22H:41M:8S : **CLIENT scannedChar : Y
22H:41M:8S : **CLIENT envoi findeJeu: $Y
22H:41M:8S : **CLIENT recu findeJeu: donnees:______$others:gyi4,12;g5,10;.
22H:41M:8S : **CLIENT recu findeJeu: donnees:______$others:gyi4,12;g5,10;.
22H:41M:8S : **CLIENT joueurs recus: others:gyi4,12;g5,10;.
22H:41M:8S : **CLIENT joueurs recus: others:gyi4,12;g5,10;.
23H:12M:47S : **CLIENT scannedChar : 
23H:12M:47S : **CLIENT suppJoueur: gyi4
23H:12M:48S : **CLIENT scannedChar : 
23H:13M:43S : **CLIENT pseudo envoy√©: aezr
23H:13M:46S : **CLIENT joueurs recus: others:aezr7,10;NoPseudoYet,10;.
23H:13M:46S : **CLIENT bug_lettres: lettresTrouvees:______.lettresFausses:.
23H:13M:52S : **CLIENT pseudo envoy√©: aze
23H:13M:52S : **CLIENT joueurs recus: others:aezr7,10;aze4,10;.
23H:13M:52S : **CLIENT bug_lettres: lettresTrouvees:______.lettresFausses:.
23H:13M:56S : **CLIENT scannedChar : S
23H:13M:57S : **CLIENT scannedChar : E
23H:13M:58S : **CLIENT scannedChar : R
23H:13M:59S : **CLIENT scannedChar : V
23H:14M:0S : **CLIENT scannedChar : I
23H:14M:12S : **CLIENT scannedChar : Y
23H:14M:12S : **CLIENT envoi findeJeu: $Y
23H:14M:14S : **CLIENT envoi findeJeu: $Y
23H:14M:14S : **CLIENT recu findeJeu: donnees:_________$others:aezr7,10;aze4,26;NoPseudoYet,10;.
23H:14M:14S : **CLIENT recu findeJeu: donnees:_________$others:aezr7,10;aze4,26;NoPseudoYet,10;.
23H:14M:14S : **CLIENT joueurs recus: others:aezr7,10;aze4,26;NoPseudoYet,10;.
23H:14M:14S : **CLIENT joueurs recus: others:aezr7,10;aze4,26;NoPseudoYet,10;.
23H:14M:14S : **CLIENT scannedChar : Y
23H:14M:15S : **CLIENT pseudo envoy√©: aezr
